<?xml version="1.0" encoding="UTF-8"?>
<!-- Generated by org.testng.reporters.JUnitReportReporter -->
<testsuite name="com.flipkart.tests.AddMobileTest" tests="1" time="34.817" ignored="0" failures="0" timestamp="22 Sep 2020 08:00:54 GMT" skipped="0" hostname="DESKTOP-92HD4BF" errors="0">
  <testcase name="runTest" time="34.817" classname="com.flipkart.tests.AddMobileTest"/>
</testsuite> <!-- com.flipkart.tests.AddMobileTest -->
