<?xml version="1.0" encoding="UTF-8"?>
<!-- Generated by org.testng.reporters.JUnitReportReporter -->
<testsuite skipped="0" hostname="DESKTOP-92HD4BF" name="com.flipkart.tests.AddItemsToCartTest" tests="1" failures="0" timestamp="28 Sep 2020 11:51:42 GMT" time="28.154" errors="0">
  <testcase name="runTest" time="28.154" classname="com.flipkart.tests.AddItemsToCartTest"/>
</testsuite> <!-- com.flipkart.tests.AddItemsToCartTest -->
